<?xml version="1.0" encoding="UTF-8"?>
<!-- Generated by org.testng.reporters.JUnitXMLReporter -->
<testsuite ignored="7" hostname="DESKTOP-1GGKMTQ" failures="0" tests="1" name="Default test" time="33.927" errors="0" timestamp="2023-01-14T12:24:29 IST">
  <testcase classname="com.tests.RegisterTest" name="verifySignInTwitterId" time="4.668"/>
  <testcase classname="com.tests.RegisterTest" name="verifySignInGoogleId" time="0.0">
    <ignored/>
  </testcase> <!-- verifySignInGoogleId -->
  <testcase classname="com.tests.RegisterTest" name="verifyRegisterSignInPg" time="0.0">
    <ignored/>
  </testcase> <!-- verifyRegisterSignInPg -->
  <testcase classname="com.tests.RegisterTest" name="registerWindowClosing" time="0.0">
    <ignored/>
  </testcase> <!-- registerWindowClosing -->
  <testcase classname="com.tests.RegisterTest" name="signInVerification" time="0.0">
    <ignored/>
  </testcase> <!-- signInVerification -->
  <testcase classname="com.tests.RegisterTest" name="verifySignInAppleId" time="0.0">
    <ignored/>
  </testcase> <!-- verifySignInAppleId -->
  <testcase classname="com.tests.RegisterTest" name="verifySignInFaceBookId" time="0.0">
    <ignored/>
  </testcase> <!-- verifySignInFaceBookId -->
  <testcase classname="com.tests.RegisterTest" name="verifyRegisterRegisterNowBtn" time="0.0">
    <ignored/>
  </testcase> <!-- verifyRegisterRegisterNowBtn -->
</testsuite> <!-- Default test -->
