<?xml version="1.0" encoding="UTF-8"?>
<!-- Generated by org.testng.reporters.JUnitXMLReporter -->
<testsuite ignored="4" hostname="DESKTOP-1GGKMTQ" failures="0" tests="1" name="Default test" time="48.119" errors="0" timestamp="2023-01-17T01:13:20 IST">
  <testcase classname="com.tests.FreeChartTest" name="freeChartCreationByEnteringText" time="16.453"/>
  <testcase classname="com.tests.FreeChartTest" name="freeChartReset" time="0.0">
    <ignored/>
  </testcase> <!-- freeChartReset -->
  <testcase classname="com.tests.FreeChartTest" name="freeChartCreationVerificationBySelectingVal" time="0.0">
    <ignored/>
  </testcase> <!-- freeChartCreationVerificationBySelectingVal -->
  <testcase classname="com.tests.FreeChartTest" name="freeChartSavePDF" time="0.0">
    <ignored/>
  </testcase> <!-- freeChartSavePDF -->
  <testcase classname="com.tests.FreeChartTest" name="freeChartCloseWindow" time="0.0">
    <ignored/>
  </testcase> <!-- freeChartCloseWindow -->
</testsuite> <!-- Default test -->
