<?xml version="1.0" encoding="UTF-8"?>
<testng-results ignored="4" total="5" passed="1" failed="0" skipped="0">
  <reporter-output>
  </reporter-output>
  <suite started-at="2023-01-17T01:12:32 IST" name="Default suite" finished-at="2023-01-17T01:13:20 IST" duration-ms="48119">
    <groups>
    </groups>
    <test started-at="2023-01-17T01:12:32 IST" name="Default test" finished-at="2023-01-17T01:13:20 IST" duration-ms="48119">
      <class name="com.tests.FreeChartTest">
        <test-method is-config="true" signature="setUp()[pri:0, instance:com.tests.FreeChartTest@1f6d27cc]" started-at="2023-01-17T01:12:33 IST" name="setUp" finished-at="2023-01-17T01:13:02 IST" duration-ms="28794" status="PASS">
          <reporter-output>
          </reporter-output>
        </test-method> <!-- setUp -->
        <test-method signature="freeChartCreationByEnteringText(java.lang.String,java.lang.String,java.lang.String,java.lang.String,java.lang.String,java.lang.String)[pri:0, instance:com.tests.FreeChartTest@1f6d27cc]" started-at="2023-01-17T01:13:02 IST" name="freeChartCreationByEnteringText" description="Validating by Creating Free Chart by entering values" data-provider="FreeChart" finished-at="2023-01-17T01:13:18 IST" duration-ms="16453" status="PASS">
          <params>
            <param index="0">
              <value>
                <![CDATA[Jack]]>
              </value>
            </param>
            <param index="1">
              <value>
                <![CDATA[Paul]]>
              </value>
            </param>
            <param index="2">
              <value>
                <![CDATA[3/15/1988]]>
              </value>
            </param>
            <param index="3">
              <value>
                <![CDATA[4:15]]>
              </value>
            </param>
            <param index="4">
              <value>
                <![CDATA[South Korea]]>
              </value>
            </param>
            <param index="5">
              <value>
                <![CDATA[Seoul]]>
              </value>
            </param>
          </params>
          <reporter-output>
          </reporter-output>
        </test-method> <!-- freeChartCreationByEnteringText -->
        <test-method is-config="true" signature="tearDown()[pri:0, instance:com.tests.FreeChartTest@1f6d27cc]" started-at="2023-01-17T01:13:18 IST" name="tearDown" finished-at="2023-01-17T01:13:20 IST" duration-ms="1314" status="PASS">
          <reporter-output>
          </reporter-output>
        </test-method> <!-- tearDown -->
      </class> <!-- com.tests.FreeChartTest -->
    </test> <!-- Default test -->
  </suite> <!-- Default suite -->
</testng-results>
