<?xml version="1.0" encoding="UTF-8"?>
<testng-results ignored="7" total="8" passed="1" failed="0" skipped="0">
  <reporter-output>
  </reporter-output>
  <suite started-at="2023-01-14T12:23:55 IST" name="Default suite" finished-at="2023-01-14T12:24:29 IST" duration-ms="33927">
    <groups>
    </groups>
    <test started-at="2023-01-14T12:23:55 IST" name="Default test" finished-at="2023-01-14T12:24:29 IST" duration-ms="33927">
      <class name="com.tests.RegisterTest">
        <test-method is-config="true" signature="setUp()[pri:0, instance:com.tests.RegisterTest@49293b43]" started-at="2023-01-14T12:23:55 IST" name="setUp" finished-at="2023-01-14T12:24:23 IST" duration-ms="27859" status="PASS">
          <reporter-output>
          </reporter-output>
        </test-method> <!-- setUp -->
        <test-method signature="verifySignInTwitterId()[pri:8, instance:com.tests.RegisterTest@49293b43]" started-at="2023-01-14T12:24:23 IST" name="verifySignInTwitterId" description="Verify by Signinig from Twitter Account" finished-at="2023-01-14T12:24:28 IST" duration-ms="4668" status="PASS">
          <reporter-output>
          </reporter-output>
        </test-method> <!-- verifySignInTwitterId -->
        <test-method is-config="true" signature="tearDown()[pri:0, instance:com.tests.RegisterTest@49293b43]" started-at="2023-01-14T12:24:28 IST" name="tearDown" finished-at="2023-01-14T12:24:29 IST" duration-ms="786" status="PASS">
          <reporter-output>
          </reporter-output>
        </test-method> <!-- tearDown -->
      </class> <!-- com.tests.RegisterTest -->
    </test> <!-- Default test -->
  </suite> <!-- Default suite -->
</testng-results>
